{"message":"::c - - [30/Sep/2019:00:00:20 +0800] Server is listening at 5000","level":"info"}
{"message":"::1 - - [30/Sep/2019:00:00:26 +0800] \"PUT /api/v1/user/me?&fullname=Mikey%20Cheng HTTP/1.1\" 200 395 \"http://localhost:3003/\" \"Mozilla/5.0 (Macintosh; Intel Mac OS X 10_14_5) AppleWebKit/537.36 (KHTML, like Gecko) Chrome/77.0.3865.90 Safari/537.36\"\n","level":"info"}
{"message":"::c - - [30/Sep/2019:00:02:20 +0800] Server is listening at 5000","level":"info"}
{"message":"::c - - [30/Sep/2019:00:03:36 +0800] Server is listening at 5000","level":"info"}
{"message":"::c - - [30/Sep/2019:00:04:35 +0800] Server is listening at 5000","level":"info"}
{"message":"::c - - [30/Sep/2019:00:04:38 +0800] Server is listening at 5000","level":"info"}
{"message":"::1 - - [30/Sep/2019:00:04:48 +0800] \"POST /api/v1/user/login HTTP/1.1\" 200 285 \"http://localhost:3003/login\" \"Mozilla/5.0 (Macintosh; Intel Mac OS X 10_14_5) AppleWebKit/537.36 (KHTML, like Gecko) Chrome/77.0.3865.90 Safari/537.36\"\n","level":"info"}
{"message":"::1 - - [30/Sep/2019:00:05:02 +0800] \"PUT /api/v1/user/me?&fullname=Mikey%20Goh HTTP/1.1\" 200 390 \"http://localhost:3003/\" \"Mozilla/5.0 (Macintosh; Intel Mac OS X 10_14_5) AppleWebKit/537.36 (KHTML, like Gecko) Chrome/77.0.3865.90 Safari/537.36\"\n","level":"info"}
{"message":"::1 - - [30/Sep/2019:00:05:07 +0800] \"PUT /api/v1/user/me?&fullname=Mikeey%20Goh HTTP/1.1\" 200 392 \"http://localhost:3003/\" \"Mozilla/5.0 (Macintosh; Intel Mac OS X 10_14_5) AppleWebKit/537.36 (KHTML, like Gecko) Chrome/77.0.3865.90 Safari/537.36\"\n","level":"info"}
{"message":"::1 - - [30/Sep/2019:00:05:23 +0800] \"POST /api/v1/user/login HTTP/1.1\" 200 289 \"http://localhost:3003/login\" \"Mozilla/5.0 (Macintosh; Intel Mac OS X 10_14_5) AppleWebKit/537.36 (KHTML, like Gecko) Chrome/77.0.3865.90 Safari/537.36\"\n","level":"info"}
{"message":"::1 - - [30/Sep/2019:00:05:30 +0800] \"PUT /api/v1/user/me?&fullname=Mikey%20Cheng HTTP/1.1\" 200 395 \"http://localhost:3003/\" \"Mozilla/5.0 (Macintosh; Intel Mac OS X 10_14_5) AppleWebKit/537.36 (KHTML, like Gecko) Chrome/77.0.3865.90 Safari/537.36\"\n","level":"info"}
{"message":"::1 - - [30/Sep/2019:00:05:39 +0800] \"POST /api/v1/user/login HTTP/1.1\" 200 289 \"http://localhost:3003/login\" \"Mozilla/5.0 (Macintosh; Intel Mac OS X 10_14_5) AppleWebKit/537.36 (KHTML, like Gecko) Chrome/77.0.3865.90 Safari/537.36\"\n","level":"info"}
{"message":"::1 - - [30/Sep/2019:00:08:23 +0800] \"PUT /api/v1/user/me?&fullname=Yevn%20Cheng&password=Yevn140295 HTTP/1.1\" 200 565 \"http://localhost:3003/\" \"Mozilla/5.0 (Macintosh; Intel Mac OS X 10_14_5) AppleWebKit/537.36 (KHTML, like Gecko) Chrome/77.0.3865.90 Safari/537.36\"\n","level":"info"}
{"message":"::c - - [30/Sep/2019:00:08:38 +0800] Password incorrect","level":"error"}
{"message":"::1 - - [30/Sep/2019:00:08:38 +0800] \"POST /api/v1/user/login HTTP/1.1\" 400 67 \"http://localhost:3003/login\" \"Mozilla/5.0 (Macintosh; Intel Mac OS X 10_14_5) AppleWebKit/537.36 (KHTML, like Gecko) Chrome/77.0.3865.90 Safari/537.36\"\n","level":"info"}
{"message":"::c - - [30/Sep/2019:00:08:41 +0800] Password incorrect","level":"error"}
{"message":"::1 - - [30/Sep/2019:00:08:41 +0800] \"POST /api/v1/user/login HTTP/1.1\" 400 67 \"http://localhost:3003/login\" \"Mozilla/5.0 (Macintosh; Intel Mac OS X 10_14_5) AppleWebKit/537.36 (KHTML, like Gecko) Chrome/77.0.3865.90 Safari/537.36\"\n","level":"info"}
{"message":"::1 - - [30/Sep/2019:00:08:46 +0800] \"POST /api/v1/user/login HTTP/1.1\" 200 287 \"http://localhost:3003/login\" \"Mozilla/5.0 (Macintosh; Intel Mac OS X 10_14_5) AppleWebKit/537.36 (KHTML, like Gecko) Chrome/77.0.3865.90 Safari/537.36\"\n","level":"info"}
{"message":"::1 - - [30/Sep/2019:00:08:58 +0800] \"PUT /api/v1/user/me?&fullname=Allen%20Cheng&password=password HTTP/1.1\" 200 567 \"http://localhost:3003/\" \"Mozilla/5.0 (Macintosh; Intel Mac OS X 10_14_5) AppleWebKit/537.36 (KHTML, like Gecko) Chrome/77.0.3865.90 Safari/537.36\"\n","level":"info"}
{"message":"::c - - [30/Sep/2019:00:09:44 +0800] User is registered--{\"_id\":\"5d90d7481238f70b33f017bd\",\"company\":\"Z-Corp\",\"username\":\"User1\",\"fullname\":\"Rome Cheng\",\"password\":\"$2a$10$JnBhLea.hOASjvddL7TWK.yTaTLtKrSGdh.37I4SbK7WCh7nRTrWG\",\"__v\":0}","level":"info"}
{"message":"::1 - - [30/Sep/2019:00:09:44 +0800] \"POST /api/v1/user/register HTTP/1.1\" 200 178 \"http://localhost:3003/register\" \"Mozilla/5.0 (Macintosh; Intel Mac OS X 10_14_5) AppleWebKit/537.36 (KHTML, like Gecko) Chrome/77.0.3865.90 Safari/537.36\"\n","level":"info"}
{"message":"::1 - - [30/Sep/2019:00:09:44 +0800] \"POST /api/v1/user/login HTTP/1.1\" 200 287 \"http://localhost:3003/register\" \"Mozilla/5.0 (Macintosh; Intel Mac OS X 10_14_5) AppleWebKit/537.36 (KHTML, like Gecko) Chrome/77.0.3865.90 Safari/537.36\"\n","level":"info"}
{"message":"::1 - - [30/Sep/2019:00:10:07 +0800] \"PUT /api/v1/user/me?&fullname=Romeo%20Cheng&password=password HTTP/1.1\" 200 567 \"http://localhost:3003/\" \"Mozilla/5.0 (Macintosh; Intel Mac OS X 10_14_5) AppleWebKit/537.36 (KHTML, like Gecko) Chrome/77.0.3865.90 Safari/537.36\"\n","level":"info"}
{"message":"::1 - - [30/Sep/2019:00:11:49 +0800] \"PUT /api/v1/user/me?&fullname=Romeo%20Cheng&password=password HTTP/1.1\" 200 567 \"http://localhost:3003/\" \"Mozilla/5.0 (Macintosh; Intel Mac OS X 10_14_5) AppleWebKit/537.36 (KHTML, like Gecko) Chrome/77.0.3865.90 Safari/537.36\"\n","level":"info"}
{"message":"::1 - - [30/Sep/2019:00:14:03 +0800] \"PUT /api/v1/user/me?&fullname=Romeo%20Cheng&password=password HTTP/1.1\" 200 567 \"http://localhost:3003/\" \"Mozilla/5.0 (Macintosh; Intel Mac OS X 10_14_5) AppleWebKit/537.36 (KHTML, like Gecko) Chrome/77.0.3865.90 Safari/537.36\"\n","level":"info"}
{"message":"::1 - - [30/Sep/2019:00:14:45 +0800] \"PUT /api/v1/user/me?&fullname=Romeo%20Cheng&password=pass123 HTTP/1.1\" 200 567 \"http://localhost:3003/\" \"Mozilla/5.0 (Macintosh; Intel Mac OS X 10_14_5) AppleWebKit/537.36 (KHTML, like Gecko) Chrome/77.0.3865.90 Safari/537.36\"\n","level":"info"}
{"message":"::1 - - [30/Sep/2019:00:15:54 +0800] \"PUT /api/v1/user/me?&fullname=Romeo%20Cheng&password=password HTTP/1.1\" 200 567 \"http://localhost:3003/\" \"Mozilla/5.0 (Macintosh; Intel Mac OS X 10_14_5) AppleWebKit/537.36 (KHTML, like Gecko) Chrome/77.0.3865.90 Safari/537.36\"\n","level":"info"}
{"message":"::c - - [30/Sep/2019:00:16:01 +0800] success delete","level":"info"}
{"message":"::1 - - [30/Sep/2019:00:16:01 +0800] \"DELETE /api/v1/user/me HTTP/1.1\" 200 239 \"http://localhost:3003/\" \"Mozilla/5.0 (Macintosh; Intel Mac OS X 10_14_5) AppleWebKit/537.36 (KHTML, like Gecko) Chrome/77.0.3865.90 Safari/537.36\"\n","level":"info"}
{"message":"::c - - [30/Sep/2019:00:16:30 +0800] Username User1 at Company Z-Corp not found","level":"error"}
{"message":"::1 - - [30/Sep/2019:00:16:30 +0800] \"POST /api/v1/user/login HTTP/1.1\" 400 67 \"http://localhost:3003/login\" \"Mozilla/5.0 (Macintosh; Intel Mac OS X 10_14_5) AppleWebKit/537.36 (KHTML, like Gecko) Chrome/77.0.3865.90 Safari/537.36\"\n","level":"info"}
{"message":"::c - - [30/Sep/2019:00:16:34 +0800] Username User1 at Company Z-Corp not found","level":"error"}
{"message":"::1 - - [30/Sep/2019:00:16:34 +0800] \"POST /api/v1/user/login HTTP/1.1\" 400 67 \"http://localhost:3003/login\" \"Mozilla/5.0 (Macintosh; Intel Mac OS X 10_14_5) AppleWebKit/537.36 (KHTML, like Gecko) Chrome/77.0.3865.90 Safari/537.36\"\n","level":"info"}
{"message":"::c - - [30/Sep/2019:00:17:20 +0800] User is registered--{\"_id\":\"5d90d9101238f70b33f017be\",\"company\":\"Z-Corp\",\"username\":\"User1\",\"fullname\":\"Dave Goh\",\"password\":\"$2a$10$kR.b3Gq2dXJDiXPMhR0ReuzmKFG6398G9JuIrNBKEbUWhsyVmMAGW\",\"__v\":0}","level":"info"}
{"message":"::1 - - [30/Sep/2019:00:17:20 +0800] \"POST /api/v1/user/register HTTP/1.1\" 200 176 \"http://localhost:3003/register\" \"Mozilla/5.0 (Macintosh; Intel Mac OS X 10_14_5) AppleWebKit/537.36 (KHTML, like Gecko) Chrome/77.0.3865.90 Safari/537.36\"\n","level":"info"}
{"message":"::1 - - [30/Sep/2019:00:17:21 +0800] \"POST /api/v1/user/login HTTP/1.1\" 200 285 \"http://localhost:3003/register\" \"Mozilla/5.0 (Macintosh; Intel Mac OS X 10_14_5) AppleWebKit/537.36 (KHTML, like Gecko) Chrome/77.0.3865.90 Safari/537.36\"\n","level":"info"}
{"message":"::1 - - [30/Sep/2019:00:17:35 +0800] \"PUT /api/v1/user/me?&fullname=Davey%20Goh&password=Yevn140295 HTTP/1.1\" 200 563 \"http://localhost:3003/\" \"Mozilla/5.0 (Macintosh; Intel Mac OS X 10_14_5) AppleWebKit/537.36 (KHTML, like Gecko) Chrome/77.0.3865.90 Safari/537.36\"\n","level":"info"}
{"message":"::c - - [30/Sep/2019:00:17:57 +0800] Request Body is not valid--{\"error\":\"VALIDATION_FAILED\",\"message\":{\"password\":\"Password is required to deactivate your user account.\"}}","level":"error"}
{"message":"::1 - - [30/Sep/2019:00:17:57 +0800] \"DELETE /api/v1/user/me HTTP/1.1\" 400 108 \"http://localhost:3003/\" \"Mozilla/5.0 (Macintosh; Intel Mac OS X 10_14_5) AppleWebKit/537.36 (KHTML, like Gecko) Chrome/77.0.3865.90 Safari/537.36\"\n","level":"info"}
{"message":"::c - - [30/Sep/2019:00:18:01 +0800] Password incorrect","level":"error"}
{"message":"::1 - - [30/Sep/2019:00:18:01 +0800] \"DELETE /api/v1/user/me HTTP/1.1\" 400 70 \"http://localhost:3003/\" \"Mozilla/5.0 (Macintosh; Intel Mac OS X 10_14_5) AppleWebKit/537.36 (KHTML, like Gecko) Chrome/77.0.3865.90 Safari/537.36\"\n","level":"info"}
{"message":"::c - - [30/Sep/2019:00:18:06 +0800] success delete","level":"info"}
{"message":"::1 - - [30/Sep/2019:00:18:06 +0800] \"DELETE /api/v1/user/me HTTP/1.1\" 200 237 \"http://localhost:3003/\" \"Mozilla/5.0 (Macintosh; Intel Mac OS X 10_14_5) AppleWebKit/537.36 (KHTML, like Gecko) Chrome/77.0.3865.90 Safari/537.36\"\n","level":"info"}
{"message":"::c - - [30/Sep/2019:00:18:27 +0800] Username User1 at Company Z-Corp not found","level":"error"}
{"message":"::1 - - [30/Sep/2019:00:18:27 +0800] \"POST /api/v1/user/login HTTP/1.1\" 400 67 \"http://localhost:3003/login\" \"Mozilla/5.0 (Macintosh; Intel Mac OS X 10_14_5) AppleWebKit/537.36 (KHTML, like Gecko) Chrome/77.0.3865.90 Safari/537.36\"\n","level":"info"}
{"message":"::c - - [30/Sep/2019:00:18:31 +0800] Username User1 at Company Z-Corp not found","level":"error"}
{"message":"::1 - - [30/Sep/2019:00:18:31 +0800] \"POST /api/v1/user/login HTTP/1.1\" 400 67 \"http://localhost:3003/login\" \"Mozilla/5.0 (Macintosh; Intel Mac OS X 10_14_5) AppleWebKit/537.36 (KHTML, like Gecko) Chrome/77.0.3865.90 Safari/537.36\"\n","level":"info"}
{"message":"::1 - - [30/Sep/2019:00:19:03 +0800] \"POST /api/v1/user/login HTTP/1.1\" 200 286 \"http://localhost:3003/login\" \"Mozilla/5.0 (Macintosh; Intel Mac OS X 10_14_5) AppleWebKit/537.36 (KHTML, like Gecko) Chrome/77.0.3865.90 Safari/537.36\"\n","level":"info"}
{"message":"::1 - - [30/Sep/2019:00:19:15 +0800] \"PUT /api/v1/user/me?&fullname=Allan%20Toh&password=password HTTP/1.1\" 200 563 \"http://localhost:3003/\" \"Mozilla/5.0 (Macintosh; Intel Mac OS X 10_14_5) AppleWebKit/537.36 (KHTML, like Gecko) Chrome/77.0.3865.90 Safari/537.36\"\n","level":"info"}
{"message":"::1 - - [30/Sep/2019:00:19:53 +0800] \"PUT /api/v1/user/me?&fullname=Alvin%20Toh&password=password HTTP/1.1\" 200 563 \"http://localhost:3003/\" \"Mozilla/5.0 (Macintosh; Intel Mac OS X 10_14_5) AppleWebKit/537.36 (KHTML, like Gecko) Chrome/77.0.3865.90 Safari/537.36\"\n","level":"info"}
{"message":"::1 - - [30/Sep/2019:00:20:04 +0800] \"PUT /api/v1/user/me?&fullname=Alwin%20Toh&password=password HTTP/1.1\" 200 563 \"http://localhost:3003/\" \"Mozilla/5.0 (Macintosh; Intel Mac OS X 10_14_5) AppleWebKit/537.36 (KHTML, like Gecko) Chrome/77.0.3865.90 Safari/537.36\"\n","level":"info"}
{"message":"::c - - [30/Sep/2019:00:21:14 +0800] Request Body is not valid--{\"error\":\"VALIDATION_FAILED\",\"message\":{\"company\":\"Company is required\",\"username\":\"Username is required\",\"fullname\":\"Fullname is required\",\"password\":\"Password is required\",\"passwordConfirm\":\"Password needs to be confirmed\"}}","level":"error"}
{"message":"::1 - - [30/Sep/2019:00:21:14 +0800] \"POST /api/v1/user/register HTTP/1.1\" 400 226 \"http://localhost:3003/register\" \"Mozilla/5.0 (Macintosh; Intel Mac OS X 10_14_5) AppleWebKit/537.36 (KHTML, like Gecko) Chrome/77.0.3865.90 Safari/537.36\"\n","level":"info"}
{"message":"::c - - [30/Sep/2019:00:21:32 +0800] Request Body is not valid--{\"error\":\"VALIDATION_FAILED\",\"message\":{\"username\":\"Username is required\",\"fullname\":\"Fullname is required\",\"password\":\"Password is required\",\"passwordConfirm\":\"Password needs to be confirmed\"}}","level":"error"}
{"message":"::1 - - [30/Sep/2019:00:21:32 +0800] \"POST /api/v1/user/register HTTP/1.1\" 400 194 \"http://localhost:3003/register\" \"Mozilla/5.0 (Macintosh; Intel Mac OS X 10_14_5) AppleWebKit/537.36 (KHTML, like Gecko) Chrome/77.0.3865.90 Safari/537.36\"\n","level":"info"}
{"message":"::c - - [30/Sep/2019:00:21:35 +0800] Request Body is not valid--{\"error\":\"VALIDATION_FAILED\",\"message\":{\"fullname\":\"Fullname is required\",\"password\":\"Password is required\",\"passwordConfirm\":\"Password needs to be confirmed\"}}","level":"error"}
{"message":"::1 - - [30/Sep/2019:00:21:35 +0800] \"POST /api/v1/user/register HTTP/1.1\" 400 160 \"http://localhost:3003/register\" \"Mozilla/5.0 (Macintosh; Intel Mac OS X 10_14_5) AppleWebKit/537.36 (KHTML, like Gecko) Chrome/77.0.3865.90 Safari/537.36\"\n","level":"info"}
{"message":"::c - - [30/Sep/2019:00:21:39 +0800] Request Body is not valid--{\"error\":\"VALIDATION_FAILED\",\"message\":{\"password\":\"Password is required\",\"passwordConfirm\":\"Password needs to be confirmed\"}}","level":"error"}
{"message":"::1 - - [30/Sep/2019:00:21:39 +0800] \"POST /api/v1/user/register HTTP/1.1\" 400 126 \"http://localhost:3003/register\" \"Mozilla/5.0 (Macintosh; Intel Mac OS X 10_14_5) AppleWebKit/537.36 (KHTML, like Gecko) Chrome/77.0.3865.90 Safari/537.36\"\n","level":"info"}
{"message":"::c - - [30/Sep/2019:00:21:45 +0800] Request Body is not valid--{\"error\":\"VALIDATION_FAILED\",\"message\":{\"password\":\"Password is required\",\"passwordConfirm\":\"Passwords do not match\"}}","level":"error"}
{"message":"::1 - - [30/Sep/2019:00:21:45 +0800] \"POST /api/v1/user/register HTTP/1.1\" 400 118 \"http://localhost:3003/register\" \"Mozilla/5.0 (Macintosh; Intel Mac OS X 10_14_5) AppleWebKit/537.36 (KHTML, like Gecko) Chrome/77.0.3865.90 Safari/537.36\"\n","level":"info"}
{"message":"::c - - [30/Sep/2019:00:21:56 +0800] Username User3 at Company D-Corp already exists","level":"error"}
{"message":"::1 - - [30/Sep/2019:00:21:56 +0800] \"POST /api/v1/user/register HTTP/1.1\" 400 95 \"http://localhost:3003/register\" \"Mozilla/5.0 (Macintosh; Intel Mac OS X 10_14_5) AppleWebKit/537.36 (KHTML, like Gecko) Chrome/77.0.3865.90 Safari/537.36\"\n","level":"info"}
{"message":"::c - - [30/Sep/2019:00:22:27 +0800] Password incorrect","level":"error"}
{"message":"::1 - - [30/Sep/2019:00:22:27 +0800] \"POST /api/v1/user/login HTTP/1.1\" 400 67 \"http://localhost:3003/login\" \"Mozilla/5.0 (Macintosh; Intel Mac OS X 10_14_5) AppleWebKit/537.36 (KHTML, like Gecko) Chrome/77.0.3865.90 Safari/537.36\"\n","level":"info"}
{"message":"::1 - - [30/Sep/2019:00:22:30 +0800] \"POST /api/v1/user/login HTTP/1.1\" 200 287 \"http://localhost:3003/login\" \"Mozilla/5.0 (Macintosh; Intel Mac OS X 10_14_5) AppleWebKit/537.36 (KHTML, like Gecko) Chrome/77.0.3865.90 Safari/537.36\"\n","level":"info"}
{"message":"::1 - - [30/Sep/2019:00:22:42 +0800] \"PUT /api/v1/user/me?&fullname=Mikey%20Chang&password=password HTTP/1.1\" 200 567 \"http://localhost:3003/\" \"Mozilla/5.0 (Macintosh; Intel Mac OS X 10_14_5) AppleWebKit/537.36 (KHTML, like Gecko) Chrome/77.0.3865.90 Safari/537.36\"\n","level":"info"}
{"message":"::1 - - [30/Sep/2019:00:22:50 +0800] \"PUT /api/v1/user/me?&fullname=Mickey%20Chang&password=password HTTP/1.1\" 200 570 \"http://localhost:3003/\" \"Mozilla/5.0 (Macintosh; Intel Mac OS X 10_14_5) AppleWebKit/537.36 (KHTML, like Gecko) Chrome/77.0.3865.90 Safari/537.36\"\n","level":"info"}
{"message":"::1 - - [30/Sep/2019:00:23:14 +0800] \"PUT /api/v1/user/me?&fullname=Jacky%20Chang&password=password HTTP/1.1\" 200 567 \"http://localhost:3003/\" \"Mozilla/5.0 (Macintosh; Intel Mac OS X 10_14_5) AppleWebKit/537.36 (KHTML, like Gecko) Chrome/77.0.3865.90 Safari/537.36\"\n","level":"info"}
{"message":"::1 - - [30/Sep/2019:00:24:53 +0800] \"PUT /api/v1/user/me?&fullname=Jackyy%20Chang&password=password HTTP/1.1\" 200 570 \"http://localhost:3003/\" \"Mozilla/5.0 (Macintosh; Intel Mac OS X 10_14_5) AppleWebKit/537.36 (KHTML, like Gecko) Chrome/77.0.3865.90 Safari/537.36\"\n","level":"info"}
